<?xml version="1.0" encoding="UTF-8"?>
<testsuite name="TicTacToeTest" tests="1" skipped="0" failures="0" errors="0" timestamp="2020-07-13T15:46:53" hostname="ParinitM-NB" time="0.089">
  <properties/>
  <testcase name="start" classname="TicTacToeTest" time="0.089"/>
  <system-out><![CDATA[?[1;31m
Start test 1?[0m
X O X
O X O
X X O
]]></system-out>
  <system-err><![CDATA[]]></system-err>
</testsuite>
